<?xml version="1.0" encoding="UTF-8"?>
<!-- Generated by org.testng.reporters.JUnitReportReporter -->
<testsuite hostname="LAPTOP-4NVF0J5C" failures="0" tests="10" name="testClasses.test" time="19.747" errors="0" timestamp="2022-02-18T00:22:09 IST" skipped="2">
  <testcase classname="testClasses.test" name="VerifyTimeTrackPage" time="3.433"/>
  <system-out/>
  <testcase classname="testClasses.test" name="LoginTitleVerify" time="3.219"/>
  <system-out/>
  <testcase classname="testClasses.test" name="LoginTitleVerify" time="0.528"/>
  <system-out/>
  <testcase classname="testClasses.test" name="VerifyTimeTrackPage" time="1.146"/>
  <system-out/>
  <testcase classname="testClasses.test" name="VerifytitleTaskPage" time="3.607"/>
  <system-out/>
  <testcase classname="testClasses.test" name="VerifytitleTaskPage" time="1.360"/>
  <system-out/>
  <testcase classname="testClasses.test" name="Timeout0" time="4.908"/>
  <system-out/>
  <testcase classname="testClasses.test" name="Timeout0" time="1.546"/>
  <system-out/>
  <testcase classname="testClasses.test" name="VerifyLoginButtenText">
    <skipped/>
  </testcase> <!-- VerifyLoginButtenText -->
  <system-out/>
  <testcase classname="testClasses.test" name="VerifyLoginButtenText">
    <skipped/>
  </testcase> <!-- VerifyLoginButtenText -->
  <system-out/>
</testsuite> <!-- testClasses.test -->
