<?xml version="1.0" encoding="UTF-8"?>
<!-- Generated by org.testng.reporters.JUnitReportReporter -->
<testsuite hostname="LAPTOP-4NVF0J5C" failures="0" tests="10" name="Testing.HeaderTest" time="12.331" errors="0" timestamp="2022-02-11T01:31:21 IST" skipped="0">
  <testcase classname="Testing.HeaderTest" name="verifyUrlUsagerPage" time="1.382"/>
  <system-out/>
  <testcase classname="Testing.HeaderTest" name="TitleTaskPage" time="1.233"/>
  <system-out/>
  <testcase classname="Testing.HeaderTest" name="URLTaskButten" time="0.903"/>
  <system-out/>
  <testcase classname="Testing.HeaderTest" name="TitleTaskPage" time="1.481"/>
  <system-out/>
  <testcase classname="Testing.HeaderTest" name="VerifyTimeTrackPage" time="1.227"/>
  <system-out/>
  <testcase classname="Testing.HeaderTest" name="URLTaskButten" time="1.284"/>
  <system-out/>
  <testcase classname="Testing.HeaderTest" name="verifyUrlUsagerPage" time="1.219"/>
  <system-out/>
  <testcase classname="Testing.HeaderTest" name="VerifyTimeTrackPage" time="0.727"/>
  <system-out/>
  <testcase classname="Testing.HeaderTest" name="Timeout" time="1.518"/>
  <system-out/>
  <testcase classname="Testing.HeaderTest" name="Timeout" time="1.357"/>
  <system-out/>
</testsuite> <!-- Testing.HeaderTest -->
