<?xml version="1.0" encoding="UTF-8"?>
<!-- Generated by org.testng.reporters.JUnitReportReporter -->
<testsuite hostname="LAPTOP-4NVF0J5C" failures="0" tests="10" name="Testing.test" time="8.025" errors="0" timestamp="2022-02-11T01:31:21 IST" skipped="2">
  <testcase classname="Testing.test" name="VerifytitleTaskPage" time="0.919"/>
  <system-out/>
  <testcase classname="Testing.test" name="VerifyTimeTrackPage" time="0.634"/>
  <system-out/>
  <testcase classname="Testing.test" name="LoginTitleVerify" time="1.097"/>
  <system-out/>
  <testcase classname="Testing.test" name="VerifyTimeTrackPage" time="0.609"/>
  <system-out/>
  <testcase classname="Testing.test" name="VerifytitleTaskPage" time="0.896"/>
  <system-out/>
  <testcase classname="Testing.test" name="LoginTitleVerify" time="1.160"/>
  <system-out/>
  <testcase classname="Testing.test" name="Timeout0" time="1.381"/>
  <system-out/>
  <testcase classname="Testing.test" name="Timeout0" time="1.329"/>
  <system-out/>
  <testcase classname="Testing.test" name="VerifyLoginButtenText">
    <skipped/>
  </testcase> <!-- VerifyLoginButtenText -->
  <system-out/>
  <testcase classname="Testing.test" name="VerifyLoginButtenText">
    <skipped/>
  </testcase> <!-- VerifyLoginButtenText -->
  <system-out/>
</testsuite> <!-- Testing.test -->
